2021-12-05 06:15:31.149+0000 INFO  [org.neo4j]: [.joernIndex/neostore.relationshiptypestore.db.names] brickCount=0 brickSize=0b mappedMem=0b (storeSize=38b)
2021-12-05 06:15:31.163+0000 INFO  [org.neo4j]: [.joernIndex/neostore.relationshiptypestore.db] brickCount=0 brickSize=0b mappedMem=0b (storeSize=0b)
2021-12-05 06:15:31.183+0000 INFO  [org.neo4j]: .joernIndex/neostore.relationshiptypestore.db.names hit=0 miss=0 switches=0 ooe=0
2021-12-05 06:15:31.225+0000 INFO  [org.neo4j]: .joernIndex/neostore.relationshiptypestore.db hit=0 miss=0 switches=0 ooe=0
2021-12-05 06:15:31.383+0000 INFO  [org.neo4j]: [.joernIndex/neostore.labeltokenstore.db.names] brickCount=0 brickSize=0b mappedMem=0b (storeSize=38b)
2021-12-05 06:15:31.385+0000 INFO  [org.neo4j]: [.joernIndex/neostore.labeltokenstore.db] brickCount=0 brickSize=0b mappedMem=0b (storeSize=0b)
2021-12-05 06:15:31.409+0000 INFO  [org.neo4j]: .joernIndex/neostore.labeltokenstore.db.names hit=0 miss=0 switches=0 ooe=0
2021-12-05 06:15:31.451+0000 INFO  [org.neo4j]: .joernIndex/neostore.labeltokenstore.db hit=0 miss=0 switches=0 ooe=0
2021-12-05 06:15:31.650+0000 INFO  [org.neo4j]: [.joernIndex/neostore.relationshiptypestore.db.names] brickCount=0 brickSize=0b mappedMem=0b (storeSize=38b)
2021-12-05 06:15:31.651+0000 INFO  [org.neo4j]: [.joernIndex/neostore.relationshiptypestore.db] brickCount=0 brickSize=0b mappedMem=0b (storeSize=0b)
2021-12-05 06:15:31.651+0000 INFO  [org.neo4j]: [.joernIndex/neostore.labeltokenstore.db.names] brickCount=0 brickSize=0b mappedMem=0b (storeSize=38b)
2021-12-05 06:15:31.652+0000 INFO  [org.neo4j]: [.joernIndex/neostore.labeltokenstore.db] brickCount=0 brickSize=0b mappedMem=0b (storeSize=0b)
2021-12-05 06:15:31.653+0000 INFO  [org.neo4j]: [.joernIndex/neostore.propertystore.db.strings] brickCount=0 brickSize=524288b mappedMem=524288000b (storeSize=128b)
2021-12-05 06:15:31.653+0000 INFO  [org.neo4j]: [.joernIndex/neostore.propertystore.db.index.keys] brickCount=0 brickSize=5206b mappedMem=5242880b (storeSize=38b)
2021-12-05 06:15:31.655+0000 INFO  [org.neo4j]: [.joernIndex/neostore.propertystore.db.index] brickCount=0 brickSize=52425b mappedMem=5242880b (storeSize=0b)
2021-12-05 06:15:31.655+0000 INFO  [org.neo4j]: [.joernIndex/neostore.propertystore.db.arrays] brickCount=0 brickSize=136192b mappedMem=136314880b (storeSize=128b)
2021-12-05 06:15:31.660+0000 INFO  [org.neo4j]: [.joernIndex/neostore.propertystore.db] brickCount=0 brickSize=10737408b mappedMem=1073741824b (storeSize=0b)
2021-12-05 06:15:31.662+0000 INFO  [org.neo4j]: [.joernIndex/neostore.relationshipstore.db] brickCount=0 brickSize=32212246b mappedMem=3221225472b (storeSize=0b)
2021-12-05 06:15:31.662+0000 INFO  [org.neo4j]: [.joernIndex/neostore.nodestore.db.labels] brickCount=0 brickSize=0b mappedMem=0b (storeSize=68b)
2021-12-05 06:15:31.664+0000 INFO  [org.neo4j]: [.joernIndex/neostore.nodestore.db] brickCount=0 brickSize=10737405b mappedMem=1073741824b (storeSize=0b)
2021-12-05 06:15:31.664+0000 INFO  [org.neo4j]: [.joernIndex/neostore.schemastore.db] brickCount=0 brickSize=0b mappedMem=0b (storeSize=64b)
2021-12-05 06:15:31.666+0000 INFO  [org.neo4j]: [.joernIndex/neostore.relationshipgroupstore.db] brickCount=0 brickSize=0b mappedMem=0b (storeSize=25b)
2021-12-05 06:15:31.666+0000 INFO  [org.neo4j]: [.joernIndex/neostore] brickCount=0 brickSize=0b mappedMem=0b (storeSize=0b)
2021-12-05 06:15:31.702+0000 INFO  [org.neo4j]: .joernIndex/neostore.relationshiptypestore.db.names hit=0 miss=0 switches=0 ooe=0
2021-12-05 06:15:31.752+0000 INFO  [org.neo4j]: .joernIndex/neostore.relationshiptypestore.db hit=0 miss=0 switches=0 ooe=0
2021-12-05 06:15:31.802+0000 INFO  [org.neo4j]: .joernIndex/neostore.labeltokenstore.db.names hit=0 miss=0 switches=0 ooe=0
2021-12-05 06:15:31.852+0000 INFO  [org.neo4j]: .joernIndex/neostore.labeltokenstore.db hit=0 miss=0 switches=0 ooe=0
2021-12-05 06:15:31.902+0000 INFO  [org.neo4j]: .joernIndex/neostore.propertystore.db.strings hit=0 miss=0 switches=0 ooe=0
2021-12-05 06:15:31.952+0000 INFO  [org.neo4j]: .joernIndex/neostore.propertystore.db.index.keys hit=0 miss=0 switches=0 ooe=0
2021-12-05 06:15:32.002+0000 INFO  [org.neo4j]: .joernIndex/neostore.propertystore.db.index hit=0 miss=0 switches=0 ooe=0
2021-12-05 06:15:32.052+0000 INFO  [org.neo4j]: .joernIndex/neostore.propertystore.db.arrays hit=0 miss=0 switches=0 ooe=0
2021-12-05 06:15:32.102+0000 INFO  [org.neo4j]: .joernIndex/neostore.propertystore.db hit=0 miss=0 switches=0 ooe=0
2021-12-05 06:15:32.153+0000 INFO  [org.neo4j]: .joernIndex/neostore.relationshipstore.db hit=0 miss=0 switches=0 ooe=0
2021-12-05 06:15:32.203+0000 INFO  [org.neo4j]: .joernIndex/neostore.nodestore.db.labels hit=0 miss=0 switches=0 ooe=0
2021-12-05 06:15:32.253+0000 INFO  [org.neo4j]: .joernIndex/neostore.nodestore.db hit=0 miss=0 switches=0 ooe=0
2021-12-05 06:15:32.303+0000 INFO  [org.neo4j]: .joernIndex/neostore.schemastore.db hit=0 miss=0 switches=0 ooe=0
2021-12-05 06:15:32.353+0000 INFO  [org.neo4j]: .joernIndex/neostore.relationshipgroupstore.db hit=0 miss=0 switches=0 ooe=0
2021-12-05 06:15:32.444+0000 INFO  [org.neo4j]: .joernIndex/neostore hit=0 miss=10 switches=0 ooe=0
2021-12-05 06:15:32.495+0000 INFO  [org.neo4j]: Thread[main,5,main] Starting BatchInserter(EmbeddedBatchInserter[.joernIndex])
2021-12-05 06:15:32.495+0000 INFO  [org.neo4j]: [.joernIndex/neostore.relationshiptypestore.db.names] brickCount=0 brickSize=0b mappedMem=0b (storeSize=38b)
2021-12-05 06:15:32.496+0000 INFO  [org.neo4j]: [.joernIndex/neostore.relationshiptypestore.db] brickCount=0 brickSize=0b mappedMem=0b (storeSize=0b)
2021-12-05 06:15:32.497+0000 INFO  [org.neo4j]: [.joernIndex/neostore.labeltokenstore.db.names] brickCount=0 brickSize=0b mappedMem=0b (storeSize=38b)
2021-12-05 06:15:32.497+0000 INFO  [org.neo4j]: [.joernIndex/neostore.labeltokenstore.db] brickCount=0 brickSize=0b mappedMem=0b (storeSize=0b)
2021-12-05 06:15:32.499+0000 INFO  [org.neo4j]: [.joernIndex/neostore.propertystore.db.strings] brickCount=0 brickSize=524288b mappedMem=524288000b (storeSize=128b)
2021-12-05 06:15:32.500+0000 INFO  [org.neo4j]: [.joernIndex/neostore.propertystore.db.index.keys] brickCount=0 brickSize=5206b mappedMem=5242880b (storeSize=38b)
2021-12-05 06:15:32.500+0000 INFO  [org.neo4j]: [.joernIndex/neostore.propertystore.db.index] brickCount=0 brickSize=52425b mappedMem=5242880b (storeSize=0b)
2021-12-05 06:15:32.501+0000 INFO  [org.neo4j]: [.joernIndex/neostore.propertystore.db.arrays] brickCount=0 brickSize=136192b mappedMem=136314880b (storeSize=128b)
2021-12-05 06:15:32.501+0000 INFO  [org.neo4j]: [.joernIndex/neostore.propertystore.db] brickCount=0 brickSize=10737408b mappedMem=1073741824b (storeSize=0b)
2021-12-05 06:15:32.502+0000 INFO  [org.neo4j]: [.joernIndex/neostore.relationshipstore.db] brickCount=0 brickSize=32212246b mappedMem=3221225472b (storeSize=0b)
2021-12-05 06:15:32.502+0000 INFO  [org.neo4j]: [.joernIndex/neostore.nodestore.db.labels] brickCount=0 brickSize=0b mappedMem=0b (storeSize=68b)
2021-12-05 06:15:32.503+0000 INFO  [org.neo4j]: [.joernIndex/neostore.nodestore.db] brickCount=0 brickSize=10737405b mappedMem=1073741824b (storeSize=0b)
2021-12-05 06:15:32.503+0000 INFO  [org.neo4j]: [.joernIndex/neostore.schemastore.db] brickCount=0 brickSize=0b mappedMem=0b (storeSize=64b)
2021-12-05 06:15:32.504+0000 INFO  [org.neo4j]: [.joernIndex/neostore.relationshipgroupstore.db] brickCount=0 brickSize=0b mappedMem=0b (storeSize=25b)
2021-12-05 06:15:32.505+0000 INFO  [org.neo4j]: [.joernIndex/neostore] brickCount=0 brickSize=0b mappedMem=0b (storeSize=81b)
2021-12-05 06:15:32.547+0000 INFO  [org.neo4j]: No lucene scan store index found, this might just be first use. Preparing to rebuild.
2021-12-05 06:15:32.566+0000 INFO  [org.neo4j]: No lucene scan store index found, this might just be first use. Preparing to rebuild.
2021-12-05 06:15:32.719+0000 INFO  [org.neo4j]: Rebuilding lucene scan store, this may take a while
2021-12-05 06:15:32.720+0000 INFO  [org.neo4j]: Lucene scan store rebuilt (roughly -1 nodes)
2021-12-05 06:15:33.599+0000 INFO  [org.neo4j]: .joernIndex/neostore.relationshiptypestore.db.names hit=0 miss=11 switches=0 ooe=0
2021-12-05 06:15:33.672+0000 INFO  [org.neo4j]: .joernIndex/neostore.relationshiptypestore.db hit=0 miss=11 switches=0 ooe=0
2021-12-05 06:15:33.730+0000 INFO  [org.neo4j]: .joernIndex/neostore.labeltokenstore.db.names hit=0 miss=0 switches=0 ooe=0
2021-12-05 06:15:33.772+0000 INFO  [org.neo4j]: .joernIndex/neostore.labeltokenstore.db hit=0 miss=0 switches=0 ooe=0
2021-12-05 06:15:33.850+0000 INFO  [org.neo4j]: .joernIndex/neostore.propertystore.db.strings hit=13 miss=0 switches=0 ooe=0
2021-12-05 06:15:33.899+0000 INFO  [org.neo4j]: .joernIndex/neostore.propertystore.db.index.keys hit=11 miss=0 switches=0 ooe=0
2021-12-05 06:15:33.989+0000 INFO  [org.neo4j]: .joernIndex/neostore.propertystore.db.index hit=11 miss=0 switches=0 ooe=0
2021-12-05 06:15:34.056+0000 INFO  [org.neo4j]: .joernIndex/neostore.propertystore.db.arrays hit=0 miss=0 switches=0 ooe=0
2021-12-05 06:15:34.139+0000 INFO  [org.neo4j]: .joernIndex/neostore.propertystore.db hit=3184 miss=0 switches=0 ooe=0
2021-12-05 06:15:34.248+0000 INFO  [org.neo4j]: .joernIndex/neostore.relationshipstore.db hit=8398 miss=0 switches=0 ooe=0
2021-12-05 06:15:34.315+0000 INFO  [org.neo4j]: .joernIndex/neostore.nodestore.db.labels hit=0 miss=0 switches=0 ooe=0
2021-12-05 06:15:34.390+0000 INFO  [org.neo4j]: .joernIndex/neostore.nodestore.db hit=10254 miss=0 switches=0 ooe=0
2021-12-05 06:15:34.440+0000 INFO  [org.neo4j]: .joernIndex/neostore.schemastore.db hit=0 miss=0 switches=0 ooe=0
2021-12-05 06:15:34.482+0000 INFO  [org.neo4j]: .joernIndex/neostore.relationshipgroupstore.db hit=0 miss=0 switches=0 ooe=0
2021-12-05 06:15:34.523+0000 INFO  [org.neo4j]: .joernIndex/neostore hit=0 miss=2 switches=0 ooe=0
2021-12-05 06:15:34.565+0000 INFO  [org.neo4j]: Thread[main,5,main] Clean shutdown on BatchInserter(EmbeddedBatchInserter[.joernIndex])
2021-12-05 07:20:26.135+0000 INFO  [org.neo4j]: Thread[main,5,main] Starting BatchInserter(EmbeddedBatchInserter[.joernIndex])
2021-12-05 07:20:26.156+0000 INFO  [org.neo4j]: [.joernIndex/neostore.relationshiptypestore.db.names] brickCount=0 brickSize=0b mappedMem=0b (storeSize=456b)
2021-12-05 07:20:26.157+0000 INFO  [org.neo4j]: [.joernIndex/neostore.relationshiptypestore.db] brickCount=0 brickSize=0b mappedMem=0b (storeSize=55b)
2021-12-05 07:20:26.158+0000 INFO  [org.neo4j]: [.joernIndex/neostore.labeltokenstore.db.names] brickCount=0 brickSize=0b mappedMem=0b (storeSize=38b)
2021-12-05 07:20:26.158+0000 INFO  [org.neo4j]: [.joernIndex/neostore.labeltokenstore.db] brickCount=0 brickSize=0b mappedMem=0b (storeSize=0b)
2021-12-05 07:20:26.159+0000 INFO  [org.neo4j]: [.joernIndex/neostore.propertystore.db.strings] brickCount=0 brickSize=524288b mappedMem=524288000b (storeSize=1792b)
2021-12-05 07:20:26.159+0000 INFO  [org.neo4j]: [.joernIndex/neostore.propertystore.db.index.keys] brickCount=0 brickSize=5206b mappedMem=5242880b (storeSize=456b)
2021-12-05 07:20:26.160+0000 INFO  [org.neo4j]: [.joernIndex/neostore.propertystore.db.index] brickCount=0 brickSize=5238b mappedMem=5242880b (storeSize=99b)
2021-12-05 07:20:26.160+0000 INFO  [org.neo4j]: [.joernIndex/neostore.propertystore.db.arrays] brickCount=0 brickSize=136192b mappedMem=136314880b (storeSize=128b)
2021-12-05 07:20:26.168+0000 INFO  [org.neo4j]: [.joernIndex/neostore.propertystore.db] brickCount=0 brickSize=1073708b mappedMem=1073741824b (storeSize=130544b)
2021-12-05 07:20:26.170+0000 INFO  [org.neo4j]: [.joernIndex/neostore.relationshipstore.db] brickCount=0 brickSize=3221194b mappedMem=3221225472b (storeSize=76568b)
2021-12-05 07:20:26.170+0000 INFO  [org.neo4j]: [.joernIndex/neostore.nodestore.db.labels] brickCount=0 brickSize=0b mappedMem=0b (storeSize=68b)
2021-12-05 07:20:26.171+0000 INFO  [org.neo4j]: [.joernIndex/neostore.nodestore.db] brickCount=0 brickSize=1073730b mappedMem=1073741824b (storeSize=20400b)
2021-12-05 07:20:26.172+0000 INFO  [org.neo4j]: [.joernIndex/neostore.schemastore.db] brickCount=0 brickSize=0b mappedMem=0b (storeSize=64b)
2021-12-05 07:20:26.173+0000 INFO  [org.neo4j]: [.joernIndex/neostore.relationshipgroupstore.db] brickCount=0 brickSize=0b mappedMem=0b (storeSize=25b)
2021-12-05 07:20:26.173+0000 INFO  [org.neo4j]: [.joernIndex/neostore] brickCount=0 brickSize=0b mappedMem=0b (storeSize=81b)
2021-12-05 07:20:27.211+0000 INFO  [org.neo4j]: .joernIndex/neostore.relationshiptypestore.db.names hit=0 miss=22 switches=0 ooe=0
2021-12-05 07:20:27.251+0000 INFO  [org.neo4j]: .joernIndex/neostore.relationshiptypestore.db hit=0 miss=11 switches=0 ooe=0
2021-12-05 07:20:27.310+0000 INFO  [org.neo4j]: .joernIndex/neostore.labeltokenstore.db.names hit=0 miss=0 switches=0 ooe=0
2021-12-05 07:20:27.351+0000 INFO  [org.neo4j]: .joernIndex/neostore.labeltokenstore.db hit=0 miss=0 switches=0 ooe=0
2021-12-05 07:20:27.402+0000 INFO  [org.neo4j]: .joernIndex/neostore.propertystore.db.strings hit=13 miss=0 switches=0 ooe=0
2021-12-05 07:20:27.444+0000 INFO  [org.neo4j]: .joernIndex/neostore.propertystore.db.index.keys hit=22 miss=0 switches=0 ooe=0
2021-12-05 07:20:27.485+0000 INFO  [org.neo4j]: .joernIndex/neostore.propertystore.db.index hit=11 miss=0 switches=0 ooe=0
2021-12-05 07:20:27.544+0000 INFO  [org.neo4j]: .joernIndex/neostore.propertystore.db.arrays hit=0 miss=0 switches=0 ooe=0
2021-12-05 07:20:27.627+0000 INFO  [org.neo4j]: .joernIndex/neostore.propertystore.db hit=3184 miss=0 switches=0 ooe=0
2021-12-05 07:20:27.719+0000 INFO  [org.neo4j]: .joernIndex/neostore.relationshipstore.db hit=8410 miss=0 switches=0 ooe=0
2021-12-05 07:20:27.769+0000 INFO  [org.neo4j]: .joernIndex/neostore.nodestore.db.labels hit=0 miss=0 switches=0 ooe=0
2021-12-05 07:20:27.844+0000 INFO  [org.neo4j]: .joernIndex/neostore.nodestore.db hit=10256 miss=0 switches=0 ooe=0
2021-12-05 07:20:27.894+0000 INFO  [org.neo4j]: .joernIndex/neostore.schemastore.db hit=0 miss=0 switches=0 ooe=0
2021-12-05 07:20:27.936+0000 INFO  [org.neo4j]: .joernIndex/neostore.relationshipgroupstore.db hit=0 miss=0 switches=0 ooe=0
2021-12-05 07:20:27.978+0000 INFO  [org.neo4j]: .joernIndex/neostore hit=0 miss=2 switches=0 ooe=0
2021-12-05 07:20:28.019+0000 INFO  [org.neo4j]: Thread[main,5,main] Clean shutdown on BatchInserter(EmbeddedBatchInserter[.joernIndex])
